#
# A fatal error has been detected by the Java Runtime Environment:
#
#  Internal Error (./src/hotspot/share/opto/type.cpp:1085), pid=2840, tid=1324
#  Error: ShouldNotReachHere()
#
# JRE version: OpenJDK Runtime Environment (11.0.8+10) (build 11.0.8+10-b944.6842174)
# Java VM: OpenJDK 64-Bit Server VM (11.0.8+10-b944.6842174, mixed mode, tiered, compressed oops, g1 gc, windows-amd64)
# No core dump will be written. Minidumps are not enabled by default on client versions of Windows
#
# If you would like to submit a bug report, please visit:
#   https://bugreport.java.com/bugreport/crash.jsp
#

---------------  S U M M A R Y ------------

Command Line: --add-opens=java.base/java.util=ALL-UNNAMED --add-opens=java.base/java.lang=ALL-UNNAMED --add-opens=java.base/java.lang.invoke=ALL-UNNAMED --add-opens=java.prefs/java.util.prefs=ALL-UNNAMED -Xmx1536m -Dfile.encoding=windows-1252 -Duser.country=US -Duser.language=en -Duser.variant org.gradle.launcher.daemon.bootstrap.GradleDaemon 6.1.1

Host: Intel(R) Core(TM) i5-4590 CPU @ 3.30GHz, 4 cores, 11G,  Windows 10 , 64 bit Build 19041 (10.0.19041.1)
Time: Mon Jan 17 22:26:46 2022 Bangladesh Standard Time elapsed time: 4 seconds (0d 0h 0m 4s)

---------------  T H R E A D  ---------------

Current thread (0x000002cf46f3d800):  JavaThread "C2 CompilerThread0" daemon [_thread_in_native, id=1324, stack(0x000000db05d00000,0x000000db05e00000)]


Current CompileTask:
C2:   4334 3060       4       org.objectweb.asm.Frame::execute (2318 bytes)

Stack: [0x000000db05d00000,0x000000db05e00000]
Native frames: (J=compiled Java code, j=interpreted, Vv=VM code, C=native code)
V  [jvm.dll+0x5de50a]
V  [jvm.dll+0x7122f5]
V  [jvm.dll+0x71384d]
V  [jvm.dll+0x713eb7]
V  [jvm.dll+0x23e67c]
V  [jvm.dll+0x23e5e3]
V  [jvm.dll+0x6edca1]
V  [jvm.dll+0x6ebaaa]
V  [jvm.dll+0x190484]
V  [jvm.dll+0x60c495]
V  [jvm.dll+0x60b22d]
V  [jvm.dll+0x1f864f]
V  [jvm.dll+0x1f685f]
V  [jvm.dll+0x17f32c]
V  [jvm.dll+0x205047]
V  [jvm.dll+0x203891]
V  [jvm.dll+0x6dad3f]
V  [jvm.dll+0x6d3895]
V  [jvm.dll+0x5dd4a6]
C  [ucrtbase.dll+0x21542]
C  [KERNEL32.DLL+0x16fd4]
C  [ntdll.dll+0x4cf31]


---------------  P R O C E S S  ---------------

Threads class SMR info:
_java_thread_list=0x000002cf495bcfc0, length=29, elements={
0x000002cf2df3e800, 0x000002cf466cc000, 0x000002cf466d7800, 0x000002cf46f39000,
0x000002cf46f3a000, 0x000002cf46f3d800, 0x000002cf46f41000, 0x000002cf46f46800,
0x000002cf47095800, 0x000002cf470b4800, 0x000002cf47297800, 0x000002cf488d5000,
0x000002cf48e68000, 0x000002cf4853e800, 0x000002cf484d0000, 0x000002cf485e3800,
0x000002cf48ddf000, 0x000002cf48763000, 0x000002cf485b4800, 0x000002cf47e5b000,
0x000002cf489bc000, 0x000002cf49127800, 0x000002cf49127000, 0x000002cf49125000,
0x000002cf49129800, 0x000002cf4912a000, 0x000002cf49124800, 0x000002cf4912b000,
0x000002cf49128800
}

Java Threads: ( => current thread )
  0x000002cf2df3e800 JavaThread "main" [_thread_blocked, id=4836, stack(0x000000db05200000,0x000000db05300000)]
  0x000002cf466cc000 JavaThread "Reference Handler" daemon [_thread_blocked, id=10096, stack(0x000000db05900000,0x000000db05a00000)]
  0x000002cf466d7800 JavaThread "Finalizer" daemon [_thread_blocked, id=6488, stack(0x000000db05a00000,0x000000db05b00000)]
  0x000002cf46f39000 JavaThread "Signal Dispatcher" daemon [_thread_blocked, id=3712, stack(0x000000db05b00000,0x000000db05c00000)]
  0x000002cf46f3a000 JavaThread "Attach Listener" daemon [_thread_blocked, id=7076, stack(0x000000db05c00000,0x000000db05d00000)]
=>0x000002cf46f3d800 JavaThread "C2 CompilerThread0" daemon [_thread_in_native, id=1324, stack(0x000000db05d00000,0x000000db05e00000)]
  0x000002cf46f41000 JavaThread "C1 CompilerThread0" daemon [_thread_blocked, id=12224, stack(0x000000db05e00000,0x000000db05f00000)]
  0x000002cf46f46800 JavaThread "Sweeper thread" daemon [_thread_blocked, id=12032, stack(0x000000db05f00000,0x000000db06000000)]
  0x000002cf47095800 JavaThread "Common-Cleaner" daemon [_thread_blocked, id=5960, stack(0x000000db06000000,0x000000db06100000)]
  0x000002cf470b4800 JavaThread "Service Thread" daemon [_thread_blocked, id=7040, stack(0x000000db06100000,0x000000db06200000)]
  0x000002cf47297800 JavaThread "C2 CompilerThread1" daemon [_thread_in_native, id=2092, stack(0x000000db06300000,0x000000db06400000)]
  0x000002cf488d5000 JavaThread "Daemon health stats" [_thread_blocked, id=9992, stack(0x000000db06700000,0x000000db06800000)]
  0x000002cf48e68000 JavaThread "Incoming local TCP Connector on port 1712" [_thread_in_native, id=1852, stack(0x000000db06800000,0x000000db06900000)]
  0x000002cf4853e800 JavaThread "Daemon periodic checks" [_thread_blocked, id=3360, stack(0x000000db06900000,0x000000db06a00000)]
  0x000002cf484d0000 JavaThread "Daemon" [_thread_blocked, id=2440, stack(0x000000db06a00000,0x000000db06b00000)]
  0x000002cf485e3800 JavaThread "Handler for socket connection from /127.0.0.1:1712 to /127.0.0.1:1713" [_thread_in_native, id=10388, stack(0x000000db06b00000,0x000000db06c00000)]
  0x000002cf48ddf000 JavaThread "Cancel handler" [_thread_blocked, id=6388, stack(0x000000db06c00000,0x000000db06d00000)]
  0x000002cf48763000 JavaThread "Daemon worker" [_thread_in_Java, id=5600, stack(0x000000db06d00000,0x000000db06e00000)]
  0x000002cf485b4800 JavaThread "Asynchronous log dispatcher for DefaultDaemonConnection: socket connection from /127.0.0.1:1712 to /127.0.0.1:1713" [_thread_blocked, id=4748, stack(0x000000db06e00000,0x000000db06f00000)]
  0x000002cf47e5b000 JavaThread "Stdin handler" [_thread_blocked, id=7268, stack(0x000000db06f00000,0x000000db07000000)]
  0x000002cf489bc000 JavaThread "Thread-8" [_thread_blocked, id=2004, stack(0x000000db07000000,0x000000db07100000)]
  0x000002cf49127800 JavaThread "Cache worker for journal cache (C:\Users\Shantu Chandra Dash\.gradle\caches\journal-1)" [_thread_blocked, id=6688, stack(0x000000db07100000,0x000000db07200000)]
  0x000002cf49127000 JavaThread "File lock request listener" [_thread_in_native, id=3592, stack(0x000000db07200000,0x000000db07300000)]
  0x000002cf49125000 JavaThread "Cache worker for file hash cache (C:\Users\Shantu Chandra Dash\.gradle\caches\6.1.1\fileHashes)" [_thread_blocked, id=10016, stack(0x000000db07300000,0x000000db07400000)]
  0x000002cf49129800 JavaThread "Cache worker for checksums cache (F:\Android\Java\practise\android-architecture-components-mvvm-retrofit-java\.gradle\checksums)" [_thread_blocked, id=5860, stack(0x000000db07400000,0x000000db07500000)]
  0x000002cf4912a000 JavaThread "Cache worker for file hash cache (F:\Android\Java\practise\android-architecture-components-mvvm-retrofit-java\.gradle\6.1.1\fileHashes)" [_thread_blocked, id=6528, stack(0x000000db07500000,0x000000db07600000)]
  0x000002cf49124800 JavaThread "Cache worker for cache directory md-supplier (C:\Users\Shantu Chandra Dash\.gradle\caches\6.1.1\md-supplier)" [_thread_blocked, id=5372, stack(0x000000db07600000,0x000000db07700000)]
  0x000002cf4912b000 JavaThread "Cache worker for cache directory md-rule (C:\Users\Shantu Chandra Dash\.gradle\caches\6.1.1\md-rule)" [_thread_blocked, id=8396, stack(0x000000db07700000,0x000000db07800000)]
  0x000002cf49128800 JavaThread "Cache worker for execution history cache (C:\Users\Shantu Chandra Dash\.gradle\caches\6.1.1\executionHistory)" [_thread_blocked, id=9008, stack(0x000000db07800000,0x000000db07900000)]

Other Threads:
  0x000002cf466a7000 VMThread "VM Thread" [stack: 0x000000db05800000,0x000000db05900000] [id=3060]
  0x000002cf470b6000 WatcherThread [stack: 0x000000db06200000,0x000000db06300000] [id=10460]
  0x000002cf2df51800 GCTaskThread "GC Thread#0" [stack: 0x000000db05300000,0x000000db05400000] [id=2892]
  0x000002cf472d7800 GCTaskThread "GC Thread#1" [stack: 0x000000db06400000,0x000000db06500000] [id=2012]
  0x000002cf478ca000 GCTaskThread "GC Thread#2" [stack: 0x000000db06500000,0x000000db06600000] [id=9236]
  0x000002cf47767000 GCTaskThread "GC Thread#3" [stack: 0x000000db06600000,0x000000db06700000] [id=8828]
  0x000002cf2df78000 ConcurrentGCThread "G1 Main Marker" [stack: 0x000000db05400000,0x000000db05500000] [id=1772]
  0x000002cf2df79000 ConcurrentGCThread "G1 Conc#0" [stack: 0x000000db05500000,0x000000db05600000] [id=13284]
  0x000002cf46512800 ConcurrentGCThread "G1 Refine#0" [stack: 0x000000db05600000,0x000000db05700000] [id=12100]
  0x000002cf2e01a800 ConcurrentGCThread "G1 Young RemSet Sampling" [stack: 0x000000db05700000,0x000000db05800000] [id=7052]

Threads with active compile tasks:
C2 CompilerThread0   4364 3060       4       org.objectweb.asm.Frame::execute (2318 bytes)
C2 CompilerThread1   4364 2961       4       groovy.lang.MetaClassImpl$1MOPIter::methodNameAction (325 bytes)

VM state:not at safepoint (normal execution)

VM Mutex/Monitor currently owned by a thread: None

Heap address: 0x00000000a0000000, size: 1536 MB, Compressed Oops mode: 32-bit
Narrow klass base: 0x0000000000000000, Narrow klass shift: 3
Compressed class space size: 1073741824 Address: 0x0000000100000000

Heap:
 garbage-first heap   total 194560K, used 77244K [0x00000000a0000000, 0x0000000100000000)
  region size 1024K, 54 young (55296K), 8 survivors (8192K)
 Metaspace       used 38987K, capacity 39808K, committed 40112K, reserved 1083392K
  class space    used 4972K, capacity 5277K, committed 5376K, reserved 1048576K
Heap Regions: E=young(eden), S=young(survivor), O=old, HS=humongous(starts), HC=humongous(continues), CS=collection set, F=free, A=archive, TAMS=top-at-mark-start (previous, next)
|   0|0x00000000a0000000, 0x00000000a0100000, 0x00000000a0100000|100%| O|  |TAMS 0x00000000a0100000, 0x00000000a0000000| Untracked 
|   1|0x00000000a0100000, 0x00000000a0200000, 0x00000000a0200000|100%| O|  |TAMS 0x00000000a0200000, 0x00000000a0100000| Untracked 
|   2|0x00000000a0200000, 0x00000000a0300000, 0x00000000a0300000|100%| O|  |TAMS 0x00000000a0300000, 0x00000000a0200000| Untracked 
|   3|0x00000000a0300000, 0x00000000a0400000, 0x00000000a0400000|100%|HS|  |TAMS 0x00000000a0400000, 0x00000000a0300000| Complete 
|   4|0x00000000a0400000, 0x00000000a0500000, 0x00000000a0500000|100%|HC|  |TAMS 0x00000000a0500000, 0x00000000a0400000| Complete 
|   5|0x00000000a0500000, 0x00000000a0600000, 0x00000000a0600000|100%|HC|  |TAMS 0x00000000a0600000, 0x00000000a0500000| Complete 
|   6|0x00000000a0600000, 0x00000000a0700000, 0x00000000a0700000|100%| O|  |TAMS 0x00000000a0700000, 0x00000000a0600000| Untracked 
|   7|0x00000000a0700000, 0x00000000a0800000, 0x00000000a0800000|100%| O|  |TAMS 0x00000000a0800000, 0x00000000a0700000| Untracked 
|   8|0x00000000a0800000, 0x00000000a0900000, 0x00000000a0900000|100%| O|  |TAMS 0x00000000a0900000, 0x00000000a0800000| Untracked 
|   9|0x00000000a0900000, 0x00000000a0a00000, 0x00000000a0a00000|100%| O|  |TAMS 0x00000000a0a00000, 0x00000000a0900000| Untracked 
|  10|0x00000000a0a00000, 0x00000000a0b00000, 0x00000000a0b00000|100%| O|  |TAMS 0x00000000a0b00000, 0x00000000a0a00000| Untracked 
|  11|0x00000000a0b00000, 0x00000000a0c00000, 0x00000000a0c00000|100%| O|  |TAMS 0x00000000a0c00000, 0x00000000a0b00000| Untracked 
|  12|0x00000000a0c00000, 0x00000000a0d00000, 0x00000000a0d00000|100%| O|  |TAMS 0x00000000a0d00000, 0x00000000a0c00000| Untracked 
|  13|0x00000000a0d00000, 0x00000000a0e00000, 0x00000000a0e00000|100%|HS|  |TAMS 0x00000000a0e00000, 0x00000000a0d00000| Complete 
|  14|0x00000000a0e00000, 0x00000000a0f00000, 0x00000000a0f00000|100%|HC|  |TAMS 0x00000000a0f00000, 0x00000000a0e00000| Complete 
|  15|0x00000000a0f00000, 0x00000000a1000000, 0x00000000a1000000|100%|HS|  |TAMS 0x00000000a1000000, 0x00000000a0f00000| Complete 
|  16|0x00000000a1000000, 0x00000000a1100000, 0x00000000a1100000|100%|HC|  |TAMS 0x00000000a1100000, 0x00000000a1000000| Complete 
|  17|0x00000000a1100000, 0x00000000a1200000, 0x00000000a1200000|100%|HC|  |TAMS 0x00000000a1200000, 0x00000000a1100000| Complete 
|  18|0x00000000a1200000, 0x00000000a1300000, 0x00000000a1300000|100%|HS|  |TAMS 0x00000000a1300000, 0x00000000a1200000| Complete 
|  19|0x00000000a1300000, 0x00000000a1400000, 0x00000000a1400000|100%|HC|  |TAMS 0x00000000a1400000, 0x00000000a1300000| Complete 
|  20|0x00000000a1400000, 0x00000000a1500000, 0x00000000a1500000|100%|HC|  |TAMS 0x00000000a1500000, 0x00000000a1400000| Complete 
|  21|0x00000000a1500000, 0x00000000a1600000, 0x00000000a1600000|100%|HC|  |TAMS 0x00000000a1600000, 0x00000000a1500000| Complete 
|  22|0x00000000a1600000, 0x00000000a1600000, 0x00000000a1700000|  0%| F|  |TAMS 0x00000000a1600000, 0x00000000a1600000| Untracked 
|  23|0x00000000a1700000, 0x00000000a1700000, 0x00000000a1800000|  0%| F|  |TAMS 0x00000000a1700000, 0x00000000a1700000| Untracked 
|  24|0x00000000a1800000, 0x00000000a1800000, 0x00000000a1900000|  0%| F|  |TAMS 0x00000000a1800000, 0x00000000a1800000| Untracked 
|  25|0x00000000a1900000, 0x00000000a1a00000, 0x00000000a1a00000|100%| O|  |TAMS 0x00000000a1a00000, 0x00000000a1900000| Untracked 
|  26|0x00000000a1a00000, 0x00000000a1af8800, 0x00000000a1b00000| 97%| O|  |TAMS 0x00000000a1af8800, 0x00000000a1a00000| Untracked 
|  27|0x00000000a1b00000, 0x00000000a1b00000, 0x00000000a1c00000|  0%| F|  |TAMS 0x00000000a1b00000, 0x00000000a1b00000| Untracked 
|  28|0x00000000a1c00000, 0x00000000a1c00000, 0x00000000a1d00000|  0%| F|  |TAMS 0x00000000a1c00000, 0x00000000a1c00000| Untracked 
|  29|0x00000000a1d00000, 0x00000000a1d00000, 0x00000000a1e00000|  0%| F|  |TAMS 0x00000000a1d00000, 0x00000000a1d00000| Untracked 
|  30|0x00000000a1e00000, 0x00000000a1e00000, 0x00000000a1f00000|  0%| F|  |TAMS 0x00000000a1e00000, 0x00000000a1e00000| Untracked 
|  31|0x00000000a1f00000, 0x00000000a1f00000, 0x00000000a2000000|  0%| F|  |TAMS 0x00000000a1f00000, 0x00000000a1f00000| Untracked 
|  32|0x00000000a2000000, 0x00000000a2000000, 0x00000000a2100000|  0%| F|  |TAMS 0x00000000a2000000, 0x00000000a2000000| Untracked 
|  33|0x00000000a2100000, 0x00000000a2100000, 0x00000000a2200000|  0%| F|  |TAMS 0x00000000a2100000, 0x00000000a2100000| Untracked 
|  34|0x00000000a2200000, 0x00000000a2200000, 0x00000000a2300000|  0%| F|  |TAMS 0x00000000a2200000, 0x00000000a2200000| Untracked 
|  35|0x00000000a2300000, 0x00000000a2300000, 0x00000000a2400000|  0%| F|  |TAMS 0x00000000a2300000, 0x00000000a2300000| Untracked 
|  36|0x00000000a2400000, 0x00000000a2400000, 0x00000000a2500000|  0%| F|  |TAMS 0x00000000a2400000, 0x00000000a2400000| Untracked 
|  37|0x00000000a2500000, 0x00000000a2500000, 0x00000000a2600000|  0%| F|  |TAMS 0x00000000a2500000, 0x00000000a2500000| Untracked 
|  38|0x00000000a2600000, 0x00000000a2600000, 0x00000000a2700000|  0%| F|  |TAMS 0x00000000a2600000, 0x00000000a2600000| Untracked 
|  39|0x00000000a2700000, 0x00000000a2700000, 0x00000000a2800000|  0%| F|  |TAMS 0x00000000a2700000, 0x00000000a2700000| Untracked 
|  40|0x00000000a2800000, 0x00000000a2800000, 0x00000000a2900000|  0%| F|  |TAMS 0x00000000a2800000, 0x00000000a2800000| Untracked 
|  41|0x00000000a2900000, 0x00000000a2900000, 0x00000000a2a00000|  0%| F|  |TAMS 0x00000000a2900000, 0x00000000a2900000| Untracked 
|  42|0x00000000a2a00000, 0x00000000a2a00000, 0x00000000a2b00000|  0%| F|  |TAMS 0x00000000a2a00000, 0x00000000a2a00000| Untracked 
|  43|0x00000000a2b00000, 0x00000000a2b00000, 0x00000000a2c00000|  0%| F|  |TAMS 0x00000000a2b00000, 0x00000000a2b00000| Untracked 
|  44|0x00000000a2c00000, 0x00000000a2c00000, 0x00000000a2d00000|  0%| F|  |TAMS 0x00000000a2c00000, 0x00000000a2c00000| Untracked 
|  45|0x00000000a2d00000, 0x00000000a2d00000, 0x00000000a2e00000|  0%| F|  |TAMS 0x00000000a2d00000, 0x00000000a2d00000| Untracked 
|  46|0x00000000a2e00000, 0x00000000a2e00000, 0x00000000a2f00000|  0%| F|  |TAMS 0x00000000a2e00000, 0x00000000a2e00000| Untracked 
|  47|0x00000000a2f00000, 0x00000000a2f00000, 0x00000000a3000000|  0%| F|  |TAMS 0x00000000a2f00000, 0x00000000a2f00000| Untracked 
|  48|0x00000000a3000000, 0x00000000a3000000, 0x00000000a3100000|  0%| F|  |TAMS 0x00000000a3000000, 0x00000000a3000000| Untracked 
|  49|0x00000000a3100000, 0x00000000a3100000, 0x00000000a3200000|  0%| F|  |TAMS 0x00000000a3100000, 0x00000000a3100000| Untracked 
|  50|0x00000000a3200000, 0x00000000a3200000, 0x00000000a3300000|  0%| F|  |TAMS 0x00000000a3200000, 0x00000000a3200000| Untracked 
|  51|0x00000000a3300000, 0x00000000a3300000, 0x00000000a3400000|  0%| F|  |TAMS 0x00000000a3300000, 0x00000000a3300000| Untracked 
|  52|0x00000000a3400000, 0x00000000a3400000, 0x00000000a3500000|  0%| F|  |TAMS 0x00000000a3400000, 0x00000000a3400000| Untracked 
|  53|0x00000000a3500000, 0x00000000a3500000, 0x00000000a3600000|  0%| F|  |TAMS 0x00000000a3500000, 0x00000000a3500000| Untracked 
|  54|0x00000000a3600000, 0x00000000a3600000, 0x00000000a3700000|  0%| F|  |TAMS 0x00000000a3600000, 0x00000000a3600000| Untracked 
|  55|0x00000000a3700000, 0x00000000a3700000, 0x00000000a3800000|  0%| F|  |TAMS 0x00000000a3700000, 0x00000000a3700000| Untracked 
|  56|0x00000000a3800000, 0x00000000a3800000, 0x00000000a3900000|  0%| F|  |TAMS 0x00000000a3800000, 0x00000000a3800000| Untracked 
|  57|0x00000000a3900000, 0x00000000a3900000, 0x00000000a3a00000|  0%| F|  |TAMS 0x00000000a3900000, 0x00000000a3900000| Untracked 
|  58|0x00000000a3a00000, 0x00000000a3a00000, 0x00000000a3b00000|  0%| F|  |TAMS 0x00000000a3a00000, 0x00000000a3a00000| Untracked 
|  59|0x00000000a3b00000, 0x00000000a3b00000, 0x00000000a3c00000|  0%| F|  |TAMS 0x00000000a3b00000, 0x00000000a3b00000| Untracked 
|  60|0x00000000a3c00000, 0x00000000a3c00000, 0x00000000a3d00000|  0%| F|  |TAMS 0x00000000a3c00000, 0x00000000a3c00000| Untracked 
|  61|0x00000000a3d00000, 0x00000000a3d00000, 0x00000000a3e00000|  0%| F|  |TAMS 0x00000000a3d00000, 0x00000000a3d00000| Untracked 
|  62|0x00000000a3e00000, 0x00000000a3e00000, 0x00000000a3f00000|  0%| F|  |TAMS 0x00000000a3e00000, 0x00000000a3e00000| Untracked 
|  63|0x00000000a3f00000, 0x00000000a3f00000, 0x00000000a4000000|  0%| F|  |TAMS 0x00000000a3f00000, 0x00000000a3f00000| Untracked 
|  64|0x00000000a4000000, 0x00000000a4000000, 0x00000000a4100000|  0%| F|  |TAMS 0x00000000a4000000, 0x00000000a4000000| Untracked 
|  65|0x00000000a4100000, 0x00000000a4100000, 0x00000000a4200000|  0%| F|  |TAMS 0x00000000a4100000, 0x00000000a4100000| Untracked 
|  66|0x00000000a4200000, 0x00000000a4200000, 0x00000000a4300000|  0%| F|  |TAMS 0x00000000a4200000, 0x00000000a4200000| Untracked 
|  67|0x00000000a4300000, 0x00000000a4300000, 0x00000000a4400000|  0%| F|  |TAMS 0x00000000a4300000, 0x00000000a4300000| Untracked 
|  68|0x00000000a4400000, 0x00000000a4400000, 0x00000000a4500000|  0%| F|  |TAMS 0x00000000a4400000, 0x00000000a4400000| Untracked 
|  69|0x00000000a4500000, 0x00000000a4500000, 0x00000000a4600000|  0%| F|  |TAMS 0x00000000a4500000, 0x00000000a4500000| Untracked 
|  70|0x00000000a4600000, 0x00000000a4600000, 0x00000000a4700000|  0%| F|  |TAMS 0x00000000a4600000, 0x00000000a4600000| Untracked 
|  71|0x00000000a4700000, 0x00000000a4700000, 0x00000000a4800000|  0%| F|  |TAMS 0x00000000a4700000, 0x00000000a4700000| Untracked 
|  72|0x00000000a4800000, 0x00000000a4800000, 0x00000000a4900000|  0%| F|  |TAMS 0x00000000a4800000, 0x00000000a4800000| Untracked 
|  73|0x00000000a4900000, 0x00000000a4900000, 0x00000000a4a00000|  0%| F|  |TAMS 0x00000000a4900000, 0x00000000a4900000| Untracked 
|  74|0x00000000a4a00000, 0x00000000a4a00000, 0x00000000a4b00000|  0%| F|  |TAMS 0x00000000a4a00000, 0x00000000a4a00000| Untracked 
|  75|0x00000000a4b00000, 0x00000000a4b00000, 0x00000000a4c00000|  0%| F|  |TAMS 0x00000000a4b00000, 0x00000000a4b00000| Untracked 
|  76|0x00000000a4c00000, 0x00000000a4c00000, 0x00000000a4d00000|  0%| F|  |TAMS 0x00000000a4c00000, 0x00000000a4c00000| Untracked 
|  77|0x00000000a4d00000, 0x00000000a4d00000, 0x00000000a4e00000|  0%| F|  |TAMS 0x00000000a4d00000, 0x00000000a4d00000| Untracked 
|  78|0x00000000a4e00000, 0x00000000a4e00000, 0x00000000a4f00000|  0%| F|  |TAMS 0x00000000a4e00000, 0x00000000a4e00000| Untracked 
|  79|0x00000000a4f00000, 0x00000000a4f00000, 0x00000000a5000000|  0%| F|  |TAMS 0x00000000a4f00000, 0x00000000a4f00000| Untracked 
|  80|0x00000000a5000000, 0x00000000a5000000, 0x00000000a5100000|  0%| F|  |TAMS 0x00000000a5000000, 0x00000000a5000000| Untracked 
|  81|0x00000000a5100000, 0x00000000a5100000, 0x00000000a5200000|  0%| F|  |TAMS 0x00000000a5100000, 0x00000000a5100000| Untracked 
|  82|0x00000000a5200000, 0x00000000a5200000, 0x00000000a5300000|  0%| F|  |TAMS 0x00000000a5200000, 0x00000000a5200000| Untracked 
|  83|0x00000000a5300000, 0x00000000a5300000, 0x00000000a5400000|  0%| F|  |TAMS 0x00000000a5300000, 0x00000000a5300000| Untracked 
|  84|0x00000000a5400000, 0x00000000a5400000, 0x00000000a5500000|  0%| F|  |TAMS 0x00000000a5400000, 0x00000000a5400000| Untracked 
|  85|0x00000000a5500000, 0x00000000a5500000, 0x00000000a5600000|  0%| F|  |TAMS 0x00000000a5500000, 0x00000000a5500000| Untracked 
|  86|0x00000000a5600000, 0x00000000a5600000, 0x00000000a5700000|  0%| F|  |TAMS 0x00000000a5600000, 0x00000000a5600000| Untracked 
|  87|0x00000000a5700000, 0x00000000a5700000, 0x00000000a5800000|  0%| F|  |TAMS 0x00000000a5700000, 0x00000000a5700000| Untracked 
|  88|0x00000000a5800000, 0x00000000a5800000, 0x00000000a5900000|  0%| F|  |TAMS 0x00000000a5800000, 0x00000000a5800000| Untracked 
|  89|0x00000000a5900000, 0x00000000a5900000, 0x00000000a5a00000|  0%| F|  |TAMS 0x00000000a5900000, 0x00000000a5900000| Untracked 
|  90|0x00000000a5a00000, 0x00000000a5a00000, 0x00000000a5b00000|  0%| F|  |TAMS 0x00000000a5a00000, 0x00000000a5a00000| Untracked 
|  91|0x00000000a5b00000, 0x00000000a5b00000, 0x00000000a5c00000|  0%| F|  |TAMS 0x00000000a5b00000, 0x00000000a5b00000| Untracked 
|  92|0x00000000a5c00000, 0x00000000a5c00000, 0x00000000a5d00000|  0%| F|  |TAMS 0x00000000a5c00000, 0x00000000a5c00000| Untracked 
|  93|0x00000000a5d00000, 0x00000000a5d00000, 0x00000000a5e00000|  0%| F|  |TAMS 0x00000000a5d00000, 0x00000000a5d00000| Untracked 
|  94|0x00000000a5e00000, 0x00000000a5e00000, 0x00000000a5f00000|  0%| F|  |TAMS 0x00000000a5e00000, 0x00000000a5e00000| Untracked 
|  95|0x00000000a5f00000, 0x00000000a5f00000, 0x00000000a6000000|  0%| F|  |TAMS 0x00000000a5f00000, 0x00000000a5f00000| Untracked 
|  96|0x00000000a6000000, 0x00000000a6000000, 0x00000000a6100000|  0%| F|  |TAMS 0x00000000a6000000, 0x00000000a6000000| Untracked 
|  97|0x00000000a6100000, 0x00000000a6100000, 0x00000000a6200000|  0%| F|  |TAMS 0x00000000a6100000, 0x00000000a6100000| Untracked 
|  98|0x00000000a6200000, 0x00000000a6200000, 0x00000000a6300000|  0%| F|  |TAMS 0x00000000a6200000, 0x00000000a6200000| Untracked 
|  99|0x00000000a6300000, 0x00000000a6300000, 0x00000000a6400000|  0%| F|  |TAMS 0x00000000a6300000, 0x00000000a6300000| Untracked 
| 100|0x00000000a6400000, 0x00000000a6400000, 0x00000000a6500000|  0%| F|  |TAMS 0x00000000a6400000, 0x00000000a6400000| Untracked 
| 101|0x00000000a6500000, 0x00000000a6500000, 0x00000000a6600000|  0%| F|  |TAMS 0x00000000a6500000, 0x00000000a6500000| Untracked 
| 102|0x00000000a6600000, 0x00000000a6600000, 0x00000000a6700000|  0%| F|  |TAMS 0x00000000a6600000, 0x00000000a6600000| Untracked 
| 103|0x00000000a6700000, 0x00000000a6700000, 0x00000000a6800000|  0%| F|  |TAMS 0x00000000a6700000, 0x00000000a6700000| Untracked 
| 104|0x00000000a6800000, 0x00000000a6800000, 0x00000000a6900000|  0%| F|  |TAMS 0x00000000a6800000, 0x00000000a6800000| Untracked 
| 105|0x00000000a6900000, 0x00000000a6900000, 0x00000000a6a00000|  0%| F|  |TAMS 0x00000000a6900000, 0x00000000a6900000| Untracked 
| 106|0x00000000a6a00000, 0x00000000a6a00000, 0x00000000a6b00000|  0%| F|  |TAMS 0x00000000a6a00000, 0x00000000a6a00000| Untracked 
| 107|0x00000000a6b00000, 0x00000000a6b00000, 0x00000000a6c00000|  0%| F|  |TAMS 0x00000000a6b00000, 0x00000000a6b00000| Untracked 
| 108|0x00000000a6c00000, 0x00000000a6c00000, 0x00000000a6d00000|  0%| F|  |TAMS 0x00000000a6c00000, 0x00000000a6c00000| Untracked 
| 109|0x00000000a6d00000, 0x00000000a6d00000, 0x00000000a6e00000|  0%| F|  |TAMS 0x00000000a6d00000, 0x00000000a6d00000| Untracked 
| 110|0x00000000a6e00000, 0x00000000a6e00000, 0x00000000a6f00000|  0%| F|  |TAMS 0x00000000a6e00000, 0x00000000a6e00000| Untracked 
| 111|0x00000000a6f00000, 0x00000000a6f00000, 0x00000000a7000000|  0%| F|  |TAMS 0x00000000a6f00000, 0x00000000a6f00000| Untracked 
| 112|0x00000000a7000000, 0x00000000a7000000, 0x00000000a7100000|  0%| F|  |TAMS 0x00000000a7000000, 0x00000000a7000000| Untracked 
| 113|0x00000000a7100000, 0x00000000a7100000, 0x00000000a7200000|  0%| F|  |TAMS 0x00000000a7100000, 0x00000000a7100000| Untracked 
| 114|0x00000000a7200000, 0x00000000a7200000, 0x00000000a7300000|  0%| F|  |TAMS 0x00000000a7200000, 0x00000000a7200000| Untracked 
| 115|0x00000000a7300000, 0x00000000a7300000, 0x00000000a7400000|  0%| F|  |TAMS 0x00000000a7300000, 0x00000000a7300000| Untracked 
| 116|0x00000000a7400000, 0x00000000a7400000, 0x00000000a7500000|  0%| F|  |TAMS 0x00000000a7400000, 0x00000000a7400000| Untracked 
| 117|0x00000000a7500000, 0x00000000a7500000, 0x00000000a7600000|  0%| F|  |TAMS 0x00000000a7500000, 0x00000000a7500000| Untracked 
| 118|0x00000000a7600000, 0x00000000a7600000, 0x00000000a7700000|  0%| F|  |TAMS 0x00000000a7600000, 0x00000000a7600000| Untracked 
| 119|0x00000000a7700000, 0x00000000a7700000, 0x00000000a7800000|  0%| F|  |TAMS 0x00000000a7700000, 0x00000000a7700000| Untracked 
| 120|0x00000000a7800000, 0x00000000a7800000, 0x00000000a7900000|  0%| F|  |TAMS 0x00000000a7800000, 0x00000000a7800000| Untracked 
| 121|0x00000000a7900000, 0x00000000a7900000, 0x00000000a7a00000|  0%| F|  |TAMS 0x00000000a7900000, 0x00000000a7900000| Untracked 
| 122|0x00000000a7a00000, 0x00000000a7a00000, 0x00000000a7b00000|  0%| F|  |TAMS 0x00000000a7a00000, 0x00000000a7a00000| Untracked 
| 123|0x00000000a7b00000, 0x00000000a7b00000, 0x00000000a7c00000|  0%| F|  |TAMS 0x00000000a7b00000, 0x00000000a7b00000| Untracked 
| 124|0x00000000a7c00000, 0x00000000a7c00000, 0x00000000a7d00000|  0%| F|  |TAMS 0x00000000a7c00000, 0x00000000a7c00000| Untracked 
| 125|0x00000000a7d00000, 0x00000000a7d00000, 0x00000000a7e00000|  0%| F|  |TAMS 0x00000000a7d00000, 0x00000000a7d00000| Untracked 
| 126|0x00000000a7e00000, 0x00000000a7e00000, 0x00000000a7f00000|  0%| F|  |TAMS 0x00000000a7e00000, 0x00000000a7e00000| Untracked 
| 127|0x00000000a7f00000, 0x00000000a7f00000, 0x00000000a8000000|  0%| F|  |TAMS 0x00000000a7f00000, 0x00000000a7f00000| Untracked 
| 128|0x00000000a8000000, 0x00000000a8000000, 0x00000000a8100000|  0%| F|  |TAMS 0x00000000a8000000, 0x00000000a8000000| Untracked 
| 129|0x00000000a8100000, 0x00000000a8100000, 0x00000000a8200000|  0%| F|  |TAMS 0x00000000a8100000, 0x00000000a8100000| Untracked 
| 130|0x00000000a8200000, 0x00000000a8200000, 0x00000000a8300000|  0%| F|  |TAMS 0x00000000a8200000, 0x00000000a8200000| Untracked 
| 131|0x00000000a8300000, 0x00000000a8300000, 0x00000000a8400000|  0%| F|  |TAMS 0x00000000a8300000, 0x00000000a8300000| Untracked 
| 132|0x00000000a8400000, 0x00000000a8400000, 0x00000000a8500000|  0%| F|  |TAMS 0x00000000a8400000, 0x00000000a8400000| Untracked 
| 133|0x00000000a8500000, 0x00000000a8500000, 0x00000000a8600000|  0%| F|  |TAMS 0x00000000a8500000, 0x00000000a8500000| Untracked 
| 134|0x00000000a8600000, 0x00000000a8600000, 0x00000000a8700000|  0%| F|  |TAMS 0x00000000a8600000, 0x00000000a8600000| Untracked 
| 135|0x00000000a8700000, 0x00000000a8700000, 0x00000000a8800000|  0%| F|  |TAMS 0x00000000a8700000, 0x00000000a8700000| Untracked 
| 136|0x00000000a8800000, 0x00000000a8900000, 0x00000000a8900000|100%| E|  |TAMS 0x00000000a8800000, 0x00000000a8800000| Complete 
| 137|0x00000000a8900000, 0x00000000a8a00000, 0x00000000a8a00000|100%| E|CS|TAMS 0x00000000a8900000, 0x00000000a8900000| Complete 
| 138|0x00000000a8a00000, 0x00000000a8b00000, 0x00000000a8b00000|100%| E|CS|TAMS 0x00000000a8a00000, 0x00000000a8a00000| Complete 
| 139|0x00000000a8b00000, 0x00000000a8c00000, 0x00000000a8c00000|100%| E|CS|TAMS 0x00000000a8b00000, 0x00000000a8b00000| Complete 
| 140|0x00000000a8c00000, 0x00000000a8d00000, 0x00000000a8d00000|100%| E|CS|TAMS 0x00000000a8c00000, 0x00000000a8c00000| Complete 
| 141|0x00000000a8d00000, 0x00000000a8e00000, 0x00000000a8e00000|100%| E|CS|TAMS 0x00000000a8d00000, 0x00000000a8d00000| Complete 
| 142|0x00000000a8e00000, 0x00000000a8f00000, 0x00000000a8f00000|100%| E|CS|TAMS 0x00000000a8e00000, 0x00000000a8e00000| Complete 
| 143|0x00000000a8f00000, 0x00000000a9000000, 0x00000000a9000000|100%| E|CS|TAMS 0x00000000a8f00000, 0x00000000a8f00000| Complete 
| 144|0x00000000a9000000, 0x00000000a9100000, 0x00000000a9100000|100%| E|CS|TAMS 0x00000000a9000000, 0x00000000a9000000| Complete 
| 145|0x00000000a9100000, 0x00000000a9200000, 0x00000000a9200000|100%| E|CS|TAMS 0x00000000a9100000, 0x00000000a9100000| Complete 
| 146|0x00000000a9200000, 0x00000000a9300000, 0x00000000a9300000|100%| E|CS|TAMS 0x00000000a9200000, 0x00000000a9200000| Complete 
| 147|0x00000000a9300000, 0x00000000a93769e0, 0x00000000a9400000| 46%| S|CS|TAMS 0x00000000a9300000, 0x00000000a9300000| Complete 
| 148|0x00000000a9400000, 0x00000000a9500000, 0x00000000a9500000|100%| S|CS|TAMS 0x00000000a9400000, 0x00000000a9400000| Complete 
| 149|0x00000000a9500000, 0x00000000a9600000, 0x00000000a9600000|100%| S|CS|TAMS 0x00000000a9500000, 0x00000000a9500000| Complete 
| 150|0x00000000a9600000, 0x00000000a9700000, 0x00000000a9700000|100%| S|CS|TAMS 0x00000000a9600000, 0x00000000a9600000| Complete 
| 151|0x00000000a9700000, 0x00000000a9800000, 0x00000000a9800000|100%| S|CS|TAMS 0x00000000a9700000, 0x00000000a9700000| Complete 
| 152|0x00000000a9800000, 0x00000000a9900000, 0x00000000a9900000|100%| S|CS|TAMS 0x00000000a9800000, 0x00000000a9800000| Complete 
| 153|0x00000000a9900000, 0x00000000a9a00000, 0x00000000a9a00000|100%| S|CS|TAMS 0x00000000a9900000, 0x00000000a9900000| Complete 
| 154|0x00000000a9a00000, 0x00000000a9b00000, 0x00000000a9b00000|100%| S|CS|TAMS 0x00000000a9a00000, 0x00000000a9a00000| Complete 
| 155|0x00000000a9b00000, 0x00000000a9c00000, 0x00000000a9c00000|100%| E|CS|TAMS 0x00000000a9b00000, 0x00000000a9b00000| Complete 
| 156|0x00000000a9c00000, 0x00000000a9d00000, 0x00000000a9d00000|100%| E|CS|TAMS 0x00000000a9c00000, 0x00000000a9c00000| Complete 
| 157|0x00000000a9d00000, 0x00000000a9e00000, 0x00000000a9e00000|100%| E|CS|TAMS 0x00000000a9d00000, 0x00000000a9d00000| Complete 
| 158|0x00000000a9e00000, 0x00000000a9f00000, 0x00000000a9f00000|100%| E|CS|TAMS 0x00000000a9e00000, 0x00000000a9e00000| Complete 
| 159|0x00000000a9f00000, 0x00000000aa000000, 0x00000000aa000000|100%| E|CS|TAMS 0x00000000a9f00000, 0x00000000a9f00000| Complete 
| 160|0x00000000aa000000, 0x00000000aa100000, 0x00000000aa100000|100%| E|CS|TAMS 0x00000000aa000000, 0x00000000aa000000| Complete 
| 161|0x00000000aa100000, 0x00000000aa200000, 0x00000000aa200000|100%| E|CS|TAMS 0x00000000aa100000, 0x00000000aa100000| Complete 
| 162|0x00000000aa200000, 0x00000000aa300000, 0x00000000aa300000|100%| E|CS|TAMS 0x00000000aa200000, 0x00000000aa200000| Complete 
| 163|0x00000000aa300000, 0x00000000aa400000, 0x00000000aa400000|100%| E|CS|TAMS 0x00000000aa300000, 0x00000000aa300000| Complete 
| 164|0x00000000aa400000, 0x00000000aa500000, 0x00000000aa500000|100%| E|CS|TAMS 0x00000000aa400000, 0x00000000aa400000| Complete 
| 165|0x00000000aa500000, 0x00000000aa600000, 0x00000000aa600000|100%| E|CS|TAMS 0x00000000aa500000, 0x00000000aa500000| Complete 
| 166|0x00000000aa600000, 0x00000000aa700000, 0x00000000aa700000|100%| E|CS|TAMS 0x00000000aa600000, 0x00000000aa600000| Complete 
| 167|0x00000000aa700000, 0x00000000aa800000, 0x00000000aa800000|100%| E|CS|TAMS 0x00000000aa700000, 0x00000000aa700000| Complete 
| 168|0x00000000aa800000, 0x00000000aa900000, 0x00000000aa900000|100%| E|CS|TAMS 0x00000000aa800000, 0x00000000aa800000| Complete 
| 169|0x00000000aa900000, 0x00000000aaa00000, 0x00000000aaa00000|100%| E|CS|TAMS 0x00000000aa900000, 0x00000000aa900000| Complete 
| 170|0x00000000aaa00000, 0x00000000aab00000, 0x00000000aab00000|100%| E|CS|TAMS 0x00000000aaa00000, 0x00000000aaa00000| Complete 
| 171|0x00000000aab00000, 0x00000000aac00000, 0x00000000aac00000|100%| E|CS|TAMS 0x00000000aab00000, 0x00000000aab00000| Complete 
| 172|0x00000000aac00000, 0x00000000aad00000, 0x00000000aad00000|100%| E|CS|TAMS 0x00000000aac00000, 0x00000000aac00000| Complete 
| 173|0x00000000aad00000, 0x00000000aae00000, 0x00000000aae00000|100%| E|CS|TAMS 0x00000000aad00000, 0x00000000aad00000| Complete 
| 174|0x00000000aae00000, 0x00000000aaf00000, 0x00000000aaf00000|100%| E|CS|TAMS 0x00000000aae00000, 0x00000000aae00000| Complete 
| 175|0x00000000aaf00000, 0x00000000ab000000, 0x00000000ab000000|100%| E|CS|TAMS 0x00000000aaf00000, 0x00000000aaf00000| Complete 
| 176|0x00000000ab000000, 0x00000000ab100000, 0x00000000ab100000|100%| E|CS|TAMS 0x00000000ab000000, 0x00000000ab000000| Complete 
| 177|0x00000000ab100000, 0x00000000ab200000, 0x00000000ab200000|100%| E|CS|TAMS 0x00000000ab100000, 0x00000000ab100000| Complete 
| 178|0x00000000ab200000, 0x00000000ab300000, 0x00000000ab300000|100%| E|CS|TAMS 0x00000000ab200000, 0x00000000ab200000| Complete 
| 179|0x00000000ab300000, 0x00000000ab400000, 0x00000000ab400000|100%| E|CS|TAMS 0x00000000ab300000, 0x00000000ab300000| Complete 
| 180|0x00000000ab400000, 0x00000000ab500000, 0x00000000ab500000|100%| E|CS|TAMS 0x00000000ab400000, 0x00000000ab400000| Complete 
| 181|0x00000000ab500000, 0x00000000ab600000, 0x00000000ab600000|100%| E|CS|TAMS 0x00000000ab500000, 0x00000000ab500000| Complete 
| 182|0x00000000ab600000, 0x00000000ab700000, 0x00000000ab700000|100%| E|CS|TAMS 0x00000000ab600000, 0x00000000ab600000| Complete 
| 183|0x00000000ab700000, 0x00000000ab800000, 0x00000000ab800000|100%| E|CS|TAMS 0x00000000ab700000, 0x00000000ab700000| Complete 
| 184|0x00000000ab800000, 0x00000000ab900000, 0x00000000ab900000|100%| E|CS|TAMS 0x00000000ab800000, 0x00000000ab800000| Complete 
| 185|0x00000000ab900000, 0x00000000aba00000, 0x00000000aba00000|100%| E|CS|TAMS 0x00000000ab900000, 0x00000000ab900000| Complete 
| 186|0x00000000aba00000, 0x00000000abb00000, 0x00000000abb00000|100%| E|CS|TAMS 0x00000000aba00000, 0x00000000aba00000| Complete 
| 187|0x00000000abb00000, 0x00000000abc00000, 0x00000000abc00000|100%| E|  |TAMS 0x00000000abb00000, 0x00000000abb00000| Complete 
| 188|0x00000000abc00000, 0x00000000abd00000, 0x00000000abd00000|100%| E|CS|TAMS 0x00000000abc00000, 0x00000000abc00000| Complete 
| 189|0x00000000abd00000, 0x00000000abe00000, 0x00000000abe00000|100%| E|CS|TAMS 0x00000000abd00000, 0x00000000abd00000| Complete 

Card table byte_map: [0x000002cf40bc0000,0x000002cf40ec0000] _byte_map_base: 0x000002cf406c0000

Marking Bits (Prev, Next): (CMBitMap*) 0x000002cf2df70f38, (CMBitMap*) 0x000002cf2df70f70
 Prev Bits: [0x000002cf411c0000, 0x000002cf429c0000)
 Next Bits: [0x000002cf429c0000, 0x000002cf441c0000)

Polling page: 0x000002cf2bf50000

Metaspace:

Usage:
  Non-class:     33.78 MB capacity,    33.22 MB ( 98%) used,   507.35 KB (  1%) free+waste,    65.38 KB ( <1%) overhead. 
      Class:      5.15 MB capacity,     4.86 MB ( 94%) used,   272.82 KB (  5%) free+waste,    30.56 KB ( <1%) overhead. 
       Both:     38.94 MB capacity,    38.08 MB ( 98%) used,   780.17 KB (  2%) free+waste,    95.94 KB ( <1%) overhead. 

Virtual space:
  Non-class space:       34.00 MB reserved,      33.92 MB (>99%) committed 
      Class space:        1.00 GB reserved,       5.25 MB ( <1%) committed 
             Both:        1.03 GB reserved,      39.17 MB (  4%) committed 

Chunk freelists:
   Non-Class:  13.00 KB
       Class:  3.00 KB
        Both:  16.00 KB

MaxMetaspaceSize: 17179869184.00 GB
CompressedClassSpaceSize: 1.00 GB

CodeHeap 'non-profiled nmethods': size=120064Kb used=1610Kb max_used=1610Kb free=118453Kb
 bounds [0x000002cf39380000, 0x000002cf395f0000, 0x000002cf408c0000]
CodeHeap 'profiled nmethods': size=120000Kb used=6284Kb max_used=6284Kb free=113715Kb
 bounds [0x000002cf31e50000, 0x000002cf32480000, 0x000002cf39380000]
CodeHeap 'non-nmethods': size=5696Kb used=2182Kb max_used=2233Kb free=3513Kb
 bounds [0x000002cf318c0000, 0x000002cf31b30000, 0x000002cf31e50000]
 total_blobs=3675 nmethods=2935 adapters=651
 compilation: enabled
              stopped_count=0, restarted_count=0
 full_count=0

Compilation events (20 events):
Event: 4.268 Thread 0x000002cf46f3d800 nmethod 3051 0x000002cf39510e90 code [0x000002cf39511060, 0x000002cf39511438]
Event: 4.274 Thread 0x000002cf46f41000 3053       3       jdk.internal.org.objectweb.asm.MethodVisitor::visitVarInsn (17 bytes)
Event: 4.274 Thread 0x000002cf46f41000 nmethod 3053 0x000002cf3246c610 code [0x000002cf3246c7c0, 0x000002cf3246c9a8]
Event: 4.279 Thread 0x000002cf46f41000 3054       1       com.google.common.collect.RegularImmutableSet::size (5 bytes)
Event: 4.279 Thread 0x000002cf46f41000 nmethod 3054 0x000002cf39511790 code [0x000002cf39511940, 0x000002cf395119f8]
Event: 4.290 Thread 0x000002cf46f41000 3055   !   3       java.nio.ByteBuffer::wrap (20 bytes)
Event: 4.290 Thread 0x000002cf46f41000 nmethod 3055 0x000002cf3246ca90 code [0x000002cf3246cc60, 0x000002cf3246cf58]
Event: 4.290 Thread 0x000002cf46f41000 3056       3       java.nio.HeapByteBuffer::<init> (21 bytes)
Event: 4.290 Thread 0x000002cf46f3d800 3058       4       org.gradle.internal.instantiation.generator.AbstractClassGenerator$ClassGenerationHandler::visitProperty (1 bytes)
Event: 4.290 Thread 0x000002cf46f41000 nmethod 3056 0x000002cf3246d110 code [0x000002cf3246d2c0, 0x000002cf3246d428]
Event: 4.290 Thread 0x000002cf46f41000 3057       3       org.gradle.internal.instantiation.generator.AbstractClassGenerator$ExtensibleTypePropertyHandler::unclaimed (64 bytes)
Event: 4.291 Thread 0x000002cf46f3d800 nmethod 3058 0x000002cf39511a90 code [0x000002cf39511c20, 0x000002cf39511c78]
Event: 4.291 Thread 0x000002cf46f41000 nmethod 3057 0x000002cf3246d510 code [0x000002cf3246d740, 0x000002cf3246ddc8]
Event: 4.291 Thread 0x000002cf46f41000 3059       3       com.google.common.collect.LinkedHashMultimap::succeedsInMultimap (11 bytes)
Event: 4.291 Thread 0x000002cf46f41000 nmethod 3059 0x000002cf3246e010 code [0x000002cf3246e1c0, 0x000002cf3246e398]
Event: 4.296 Thread 0x000002cf46f3d800 3060       4       org.objectweb.asm.Frame::execute (2318 bytes)
Event: 4.298 Thread 0x000002cf46f41000 3062       1       java.lang.reflect.Constructor::getSignature (5 bytes)
Event: 4.298 Thread 0x000002cf46f41000 nmethod 3062 0x000002cf39511d10 code [0x000002cf39511ec0, 0x000002cf39511f78]
Event: 4.306 Thread 0x000002cf46f41000 3063       3       java.util.WeakHashMap::put (162 bytes)
Event: 4.307 Thread 0x000002cf46f41000 nmethod 3063 0x000002cf3246e490 code [0x000002cf3246e720, 0x000002cf3246f6b8]

GC Heap History (14 events):
Event: 0.407 GC heap before
{Heap before GC invocations=0 (full 0):
 garbage-first heap   total 194560K, used 19456K [0x00000000a0000000, 0x0000000100000000)
  region size 1024K, 14 young (14336K), 0 survivors (0K)
 Metaspace       used 7580K, capacity 7791K, committed 7936K, reserved 1056768K
  class space    used 700K, capacity 748K, committed 768K, reserved 1048576K
}
Event: 0.409 GC heap after
{Heap after GC invocations=1 (full 0):
 garbage-first heap   total 194560K, used 7677K [0x00000000a0000000, 0x0000000100000000)
  region size 1024K, 2 young (2048K), 2 survivors (2048K)
 Metaspace       used 7580K, capacity 7791K, committed 7936K, reserved 1056768K
  class space    used 700K, capacity 748K, committed 768K, reserved 1048576K
}
Event: 0.703 GC heap before
{Heap before GC invocations=1 (full 0):
 garbage-first heap   total 194560K, used 20989K [0x00000000a0000000, 0x0000000100000000)
  region size 1024K, 15 young (15360K), 2 survivors (2048K)
 Metaspace       used 10510K, capacity 10690K, committed 11008K, reserved 1058816K
  class space    used 1099K, capacity 1163K, committed 1280K, reserved 1048576K
}
Event: 0.706 GC heap after
{Heap after GC invocations=2 (full 0):
 garbage-first heap   total 194560K, used 8524K [0x00000000a0000000, 0x0000000100000000)
  region size 1024K, 1 young (1024K), 1 survivors (1024K)
 Metaspace       used 10510K, capacity 10690K, committed 11008K, reserved 1058816K
  class space    used 1099K, capacity 1163K, committed 1280K, reserved 1048576K
}
Event: 1.007 GC heap before
{Heap before GC invocations=2 (full 0):
 garbage-first heap   total 194560K, used 38220K [0x00000000a0000000, 0x0000000100000000)
  region size 1024K, 31 young (31744K), 1 survivors (1024K)
 Metaspace       used 10759K, capacity 11098K, committed 11264K, reserved 1058816K
  class space    used 1131K, capacity 1235K, committed 1280K, reserved 1048576K
}
Event: 1.009 GC heap after
{Heap after GC invocations=3 (full 0):
 garbage-first heap   total 194560K, used 12763K [0x00000000a0000000, 0x0000000100000000)
  region size 1024K, 4 young (4096K), 4 survivors (4096K)
 Metaspace       used 10759K, capacity 11098K, committed 11264K, reserved 1058816K
  class space    used 1131K, capacity 1235K, committed 1280K, reserved 1048576K
}
Event: 1.918 GC heap before
{Heap before GC invocations=3 (full 0):
 garbage-first heap   total 194560K, used 55771K [0x00000000a0000000, 0x0000000100000000)
  region size 1024K, 47 young (48128K), 4 survivors (4096K)
 Metaspace       used 19927K, capacity 20390K, committed 20480K, reserved 1067008K
  class space    used 2342K, capacity 2504K, committed 2560K, reserved 1048576K
}
Event: 1.923 GC heap after
{Heap after GC invocations=4 (full 0):
 garbage-first heap   total 194560K, used 15593K [0x00000000a0000000, 0x0000000100000000)
  region size 1024K, 3 young (3072K), 3 survivors (3072K)
 Metaspace       used 19927K, capacity 20390K, committed 20480K, reserved 1067008K
  class space    used 2342K, capacity 2504K, committed 2560K, reserved 1048576K
}
Event: 2.014 GC heap before
{Heap before GC invocations=4 (full 0):
 garbage-first heap   total 194560K, used 24809K [0x00000000a0000000, 0x0000000100000000)
  region size 1024K, 13 young (13312K), 3 survivors (3072K)
 Metaspace       used 20812K, capacity 21202K, committed 21296K, reserved 1069056K
  class space    used 2509K, capacity 2668K, committed 2688K, reserved 1048576K
}
Event: 2.019 GC heap after
{Heap after GC invocations=5 (full 0):
 garbage-first heap   total 194560K, used 15972K [0x00000000a0000000, 0x0000000100000000)
  region size 1024K, 4 young (4096K), 4 survivors (4096K)
 Metaspace       used 20812K, capacity 21202K, committed 21296K, reserved 1069056K
  class space    used 2509K, capacity 2668K, committed 2688K, reserved 1048576K
}
Event: 2.763 GC heap before
{Heap before GC invocations=6 (full 0):
 garbage-first heap   total 194560K, used 80484K [0x00000000a0000000, 0x0000000100000000)
  region size 1024K, 59 young (60416K), 4 survivors (4096K)
 Metaspace       used 27417K, capacity 28064K, committed 28336K, reserved 1073152K
  class space    used 3534K, capacity 3757K, committed 3840K, reserved 1048576K
}
Event: 2.769 GC heap after
{Heap after GC invocations=7 (full 0):
 garbage-first heap   total 194560K, used 28905K [0x00000000a0000000, 0x0000000100000000)
  region size 1024K, 7 young (7168K), 7 survivors (7168K)
 Metaspace       used 27417K, capacity 28064K, committed 28336K, reserved 1073152K
  class space    used 3534K, capacity 3757K, committed 3840K, reserved 1048576K
}
Event: 3.338 GC heap before
{Heap before GC invocations=7 (full 0):
 garbage-first heap   total 194560K, used 65769K [0x00000000a0000000, 0x0000000100000000)
  region size 1024K, 42 young (43008K), 7 survivors (7168K)
 Metaspace       used 35109K, capacity 35756K, committed 35888K, reserved 1081344K
  class space    used 4394K, capacity 4658K, committed 4736K, reserved 1048576K
}
Event: 3.347 GC heap after
{Heap after GC invocations=8 (full 0):
 garbage-first heap   total 194560K, used 32188K [0x00000000a0000000, 0x0000000100000000)
  region size 1024K, 8 young (8192K), 8 survivors (8192K)
 Metaspace       used 35109K, capacity 35756K, committed 35888K, reserved 1081344K
  class space    used 4394K, capacity 4658K, committed 4736K, reserved 1048576K
}

Deoptimization events (20 events):
Event: 3.882 Thread 0x000002cf48763000 Uncommon trap: trap_request=0xffffff4d fr.pc=0x000002cf394bf988 relative=0x00000000000000e8
Event: 3.882 Thread 0x000002cf48763000 Uncommon trap: reason=unstable_if action=reinterpret pc=0x000002cf394bf988 method=org.objectweb.asm.ByteVector.putShort(I)Lorg/objectweb/asm/ByteVector; @ 13 c2
Event: 3.882 Thread 0x000002cf48763000 DEOPT PACKING pc=0x000002cf394bf988 sp=0x000000db06dfa0c0
Event: 3.882 Thread 0x000002cf48763000 DEOPT UNPACKING pc=0x000002cf318e74af sp=0x000000db06dfa058 mode 2
Event: 3.988 Thread 0x000002cf48763000 Uncommon trap: trap_request=0xffffff4d fr.pc=0x000002cf39494004 relative=0x00000000000001a4
Event: 3.988 Thread 0x000002cf48763000 Uncommon trap: reason=unstable_if action=reinterpret pc=0x000002cf39494004 method=java.util.regex.Pattern$BmpCharProperty.match(Ljava/util/regex/Matcher;ILjava/lang/CharSequence;)Z @ 39 c2
Event: 3.988 Thread 0x000002cf48763000 DEOPT PACKING pc=0x000002cf39494004 sp=0x000000db06df8b20
Event: 3.988 Thread 0x000002cf48763000 DEOPT UNPACKING pc=0x000002cf318e74af sp=0x000000db06df8ad0 mode 2
Event: 4.003 Thread 0x000002cf48763000 Uncommon trap: trap_request=0xffffffde fr.pc=0x000002cf394a3884 relative=0x0000000000000c64
Event: 4.003 Thread 0x000002cf48763000 Uncommon trap: reason=class_check action=maybe_recompile pc=0x000002cf394a3884 method=jdk.internal.loader.URLClassPath.getLoader(I)Ljdk/internal/loader/URLClassPath$Loader; @ 88 c2
Event: 4.003 Thread 0x000002cf48763000 DEOPT PACKING pc=0x000002cf394a3884 sp=0x000000db06df9800
Event: 4.003 Thread 0x000002cf48763000 DEOPT UNPACKING pc=0x000002cf318e74af sp=0x000000db06df97d0 mode 2
Event: 4.116 Thread 0x000002cf48763000 Uncommon trap: trap_request=0xffffff4d fr.pc=0x000002cf39500f98 relative=0x0000000000001d78
Event: 4.116 Thread 0x000002cf48763000 Uncommon trap: reason=unstable_if action=reinterpret pc=0x000002cf39500f98 method=org.codehaus.groovy.runtime.metaclass.MetaMethodIndex.addMethodToList(Ljava/lang/Object;Lgroovy/lang/MetaMethod;)Ljava/lang/Object; @ 226 c2
Event: 4.116 Thread 0x000002cf48763000 DEOPT PACKING pc=0x000002cf39500f98 sp=0x000000db06df78d0
Event: 4.116 Thread 0x000002cf48763000 DEOPT UNPACKING pc=0x000002cf318e74af sp=0x000000db06df7890 mode 2
Event: 4.183 Thread 0x000002cf48763000 Uncommon trap: trap_request=0xffffff4d fr.pc=0x000002cf394bf0c4 relative=0x0000000000000964
Event: 4.183 Thread 0x000002cf48763000 Uncommon trap: reason=unstable_if action=reinterpret pc=0x000002cf394bf0c4 method=java.util.WeakHashMap.eq(Ljava/lang/Object;Ljava/lang/Object;)Z @ 2 c2
Event: 4.183 Thread 0x000002cf48763000 DEOPT PACKING pc=0x000002cf394bf0c4 sp=0x000000db06df5660
Event: 4.183 Thread 0x000002cf48763000 DEOPT UNPACKING pc=0x000002cf318e74af sp=0x000000db06df55d0 mode 2

Classes redefined (0 events):
No events

Internal exceptions (20 events):
Event: 4.035 Thread 0x000002cf48763000 Exception <a 'java/lang/ClassNotFoundException'{0x00000000aa399c00}: groovy/lang/ClosureCustomizer> (0x00000000aa399c00) thrown at [./src/hotspot/share/classfile/systemDictionary.cpp, line 231]
Event: 4.044 Thread 0x000002cf48763000 Exception <a 'java/lang/ClassNotFoundException'{0x00000000aa3ced50}: groovy/lang/Closure$1Customizer> (0x00000000aa3ced50) thrown at [./src/hotspot/share/classfile/systemDictionary.cpp, line 231]
Event: 4.101 Thread 0x000002cf48763000 Exception <a 'java/lang/ClassNotFoundException'{0x00000000aa1d3d08}: org/gradle/internal/metaobject/ConfigureDelegateBeanInfo> (0x00000000aa1d3d08) thrown at [./src/hotspot/share/classfile/systemDictionary.cpp, line 231]
Event: 4.102 Thread 0x000002cf48763000 Exception <a 'java/lang/ClassNotFoundException'{0x00000000aa1f1900}: org/gradle/internal/metaobject/ConfigureDelegateCustomizer> (0x00000000aa1f1900) thrown at [./src/hotspot/share/classfile/systemDictionary.cpp, line 231]
Event: 4.106 Thread 0x000002cf48763000 Exception <a 'java/lang/ClassNotFoundException'{0x00000000aa043ee0}: org/gradle/api/internal/initialization/DefaultScriptHandlerBeanInfo> (0x00000000aa043ee0) thrown at [./src/hotspot/share/classfile/systemDictionary.cpp, line 231]
Event: 4.106 Thread 0x000002cf48763000 Exception <a 'java/lang/ClassNotFoundException'{0x00000000aa064138}: org/gradle/api/internal/initialization/DefaultScriptHandlerCustomizer> (0x00000000aa064138) thrown at [./src/hotspot/share/classfile/systemDictionary.cpp, line 231]
Event: 4.158 Thread 0x000002cf48763000 Exception <a 'java/lang/ClassNotFoundException'{0x00000000a9c67370}: org/gradle/api/internal/artifacts/dsl/DefaultRepositoryHandler_DecoratedBeanInfo> (0x00000000a9c67370) thrown at [./src/hotspot/share/classfile/systemDictionary.cpp, line 231]
Event: 4.159 Thread 0x000002cf48763000 Exception <a 'java/lang/ClassNotFoundException'{0x00000000a9c95b00}: org/gradle/api/internal/artifacts/dsl/DefaultRepositoryHandlerBeanInfo> (0x00000000a9c95b00) thrown at [./src/hotspot/share/classfile/systemDictionary.cpp, line 231]
Event: 4.159 Thread 0x000002cf48763000 Exception <a 'java/lang/ClassNotFoundException'{0x00000000a9cc7018}: org/gradle/api/internal/artifacts/DefaultArtifactRepositoryContainerBeanInfo> (0x00000000a9cc7018) thrown at [./src/hotspot/share/classfile/systemDictionary.cpp, line 231]
Event: 4.160 Thread 0x000002cf48763000 Exception <a 'java/lang/ClassNotFoundException'{0x00000000a9ce8ef8}: org/gradle/api/internal/DefaultNamedDomainObjectListBeanInfo> (0x00000000a9ce8ef8) thrown at [./src/hotspot/share/classfile/systemDictionary.cpp, line 231]
Event: 4.162 Thread 0x000002cf48763000 Exception <a 'java/lang/ClassNotFoundException'{0x00000000a9b11d70}: org/gradle/api/internal/DefaultNamedDomainObjectCollectionBeanInfo> (0x00000000a9b11d70) thrown at [./src/hotspot/share/classfile/systemDictionary.cpp, line 231]
Event: 4.163 Thread 0x000002cf48763000 Exception <a 'java/lang/ClassNotFoundException'{0x00000000a9b33f28}: org/gradle/api/internal/DefaultDomainObjectCollectionBeanInfo> (0x00000000a9b33f28) thrown at [./src/hotspot/share/classfile/systemDictionary.cpp, line 231]
Event: 4.164 Thread 0x000002cf48763000 Exception <a 'java/lang/ClassNotFoundException'{0x00000000a9b39968}: java/util/AbstractCollectionBeanInfo> (0x00000000a9b39968) thrown at [./src/hotspot/share/classfile/systemDictionary.cpp, line 231]
Event: 4.164 Thread 0x000002cf48763000 Exception <a 'java/lang/ClassNotFoundException'{0x00000000a9b3f378}: java/util/AbstractCollectionCustomizer> (0x00000000a9b3f378) thrown at [./src/hotspot/share/classfile/systemDictionary.cpp, line 231]
Event: 4.166 Thread 0x000002cf48763000 Exception <a 'java/lang/ClassNotFoundException'{0x00000000a9b6a658}: org/gradle/api/internal/DefaultDomainObjectCollectionCustomizer> (0x00000000a9b6a658) thrown at [./src/hotspot/share/classfile/systemDictionary.cpp, line 231]
Event: 4.170 Thread 0x000002cf48763000 Exception <a 'java/lang/ClassNotFoundException'{0x00000000a9baadd0}: org/gradle/api/internal/DefaultNamedDomainObjectCollectionCustomizer> (0x00000000a9baadd0) thrown at [./src/hotspot/share/classfile/systemDictionary.cpp, line 231]
Event: 4.183 Thread 0x000002cf48763000 Exception <a 'java/lang/ClassNotFoundException'{0x00000000a9bfe008}: org/gradle/api/internal/DefaultNamedDomainObjectListCustomizer> (0x00000000a9bfe008) thrown at [./src/hotspot/share/classfile/systemDictionary.cpp, line 231]
Event: 4.193 Thread 0x000002cf48763000 Exception <a 'java/lang/ClassNotFoundException'{0x00000000a9248958}: org/gradle/api/internal/artifacts/DefaultArtifactRepositoryContainerCustomizer> (0x00000000a9248958) thrown at [./src/hotspot/share/classfile/systemDictionary.cpp, line 231]
Event: 4.195 Thread 0x000002cf48763000 Exception <a 'java/lang/ClassNotFoundException'{0x00000000a9288060}: org/gradle/api/internal/artifacts/dsl/DefaultRepositoryHandlerCustomizer> (0x00000000a9288060) thrown at [./src/hotspot/share/classfile/systemDictionary.cpp, line 231]
Event: 4.199 Thread 0x000002cf48763000 Exception <a 'java/lang/ClassNotFoundException'{0x00000000a92d1df0}: org/gradle/api/internal/artifacts/dsl/DefaultRepositoryHandler_DecoratedCustomizer> (0x00000000a92d1df0) thrown at [./src/hotspot/share/classfile/systemDictionary.cpp, line 231]

Events (20 events):
Event: 4.305 loading class org/gradle/api/internal/artifacts/configurations/DefaultConfiguration$2
Event: 4.305 loading class org/gradle/api/internal/artifacts/configurations/DefaultConfiguration$2 done
Event: 4.305 loading class org/gradle/api/internal/attributes/DefaultMutableAttributeContainer
Event: 4.305 loading class org/gradle/api/internal/attributes/DefaultMutableAttributeContainer done
Event: 4.306 loading class org/gradle/api/internal/artifacts/ivyservice/ResolvedFilesCollectingVisitor
Event: 4.306 loading class org/gradle/api/internal/artifacts/ivyservice/ResolvedFilesCollectingVisitor done
Event: 4.307 loading class org/gradle/api/internal/artifacts/ivyservice/resolveengine/artifact/ArtifactVisitor
Event: 4.307 loading class org/gradle/api/internal/artifacts/ivyservice/resolveengine/artifact/ArtifactVisitor done
Event: 4.309 loading class org/gradle/api/internal/artifacts/ivyservice/ResolvedFileCollectionVisitor
Event: 4.309 loading class org/gradle/api/internal/artifacts/ivyservice/ResolvedFileCollectionVisitor done
Event: 4.309 loading class org/gradle/api/specs/Specs
Event: 4.309 loading class org/gradle/api/specs/Specs done
Event: 4.310 loading class org/gradle/api/specs/Specs$1
Event: 4.310 loading class org/gradle/api/specs/Specs$1 done
Event: 4.310 loading class org/gradle/api/specs/Specs$2
Event: 4.310 loading class org/gradle/api/specs/Specs$2 done
Event: 4.311 loading class org/gradle/api/internal/project/DefaultProjectStateRegistry$SafeExclusiveLockImpl
Event: 4.311 loading class org/gradle/api/internal/project/DefaultProjectStateRegistry$SafeExclusiveLockImpl done
Event: 4.312 loading class org/gradle/api/artifacts/ArtifactCollection
Event: 4.312 loading class org/gradle/api/artifacts/ArtifactCollection done


Dynamic libraries:
0x00007ff728560000 - 0x00007ff72856a000 	C:\Program Files\Android\Android Studio\jre\bin\java.exe
0x00007ffe4f0b0000 - 0x00007ffe4f2a4000 	C:\WINDOWS\SYSTEM32\ntdll.dll
0x00007ffe4e8c0000 - 0x00007ffe4e97d000 	C:\WINDOWS\System32\KERNEL32.DLL
0x00007ffe4cab0000 - 0x00007ffe4cd77000 	C:\WINDOWS\System32\KERNELBASE.dll
0x00007ffe4cdb0000 - 0x00007ffe4ceb0000 	C:\WINDOWS\System32\ucrtbase.dll
0x00007ffe34e80000 - 0x00007ffe34e99000 	C:\Program Files\Android\Android Studio\jre\bin\jli.dll
0x00007ffe34e60000 - 0x00007ffe34e77000 	C:\Program Files\Android\Android Studio\jre\bin\VCRUNTIME140.dll
0x00007ffe4dce0000 - 0x00007ffe4de80000 	C:\WINDOWS\System32\USER32.dll
0x00007ffe39680000 - 0x00007ffe3991a000 	C:\WINDOWS\WinSxS\amd64_microsoft.windows.common-controls_6595b64144ccf1df_6.0.19041.1_none_b555e41d4684ddec\COMCTL32.dll
0x00007ffe4c850000 - 0x00007ffe4c872000 	C:\WINDOWS\System32\win32u.dll
0x00007ffe4e880000 - 0x00007ffe4e8aa000 	C:\WINDOWS\System32\GDI32.dll
0x00007ffe4cf50000 - 0x00007ffe4d05a000 	C:\WINDOWS\System32\gdi32full.dll
0x00007ffe4d4f0000 - 0x00007ffe4d58e000 	C:\WINDOWS\System32\msvcrt.dll
0x00007ffe4ceb0000 - 0x00007ffe4cf4d000 	C:\WINDOWS\System32\msvcp_win.dll
0x00007ffe4d2c0000 - 0x00007ffe4d2f0000 	C:\WINDOWS\System32\IMM32.DLL
0x00007ffde8080000 - 0x00007ffde811d000 	C:\Program Files\Android\Android Studio\jre\bin\msvcp140.dll
0x00007ffdf3920000 - 0x00007ffdf43dc000 	C:\Program Files\Android\Android Studio\jre\bin\server\jvm.dll
0x00007ffe4d590000 - 0x00007ffe4d63a000 	C:\WINDOWS\System32\ADVAPI32.dll
0x00007ffe4d640000 - 0x00007ffe4d6db000 	C:\WINDOWS\System32\sechost.dll
0x00007ffe4d720000 - 0x00007ffe4d843000 	C:\WINDOWS\System32\RPCRT4.dll
0x00007ffe4d700000 - 0x00007ffe4d708000 	C:\WINDOWS\System32\PSAPI.DLL
0x00007ffe09e00000 - 0x00007ffe09e09000 	C:\WINDOWS\SYSTEM32\WSOCK32.dll
0x00007ffe45150000 - 0x00007ffe4515a000 	C:\WINDOWS\SYSTEM32\VERSION.dll
0x00007ffe4e750000 - 0x00007ffe4e7bb000 	C:\WINDOWS\System32\WS2_32.dll
0x00007ffe3ba30000 - 0x00007ffe3ba57000 	C:\WINDOWS\SYSTEM32\WINMM.dll
0x00007ffe4b150000 - 0x00007ffe4b163000 	C:\WINDOWS\SYSTEM32\kernel.appcore.dll
0x00007ffe39220000 - 0x00007ffe39231000 	C:\Program Files\Android\Android Studio\jre\bin\verify.dll
0x00007ffe3e1b0000 - 0x00007ffe3e394000 	C:\WINDOWS\SYSTEM32\DBGHELP.DLL
0x00007ffe3e140000 - 0x00007ffe3e16c000 	C:\WINDOWS\SYSTEM32\dbgcore.DLL
0x00007ffe4ca30000 - 0x00007ffe4caaf000 	C:\WINDOWS\System32\bcryptPrimitives.dll
0x00007ffe391f0000 - 0x00007ffe39219000 	C:\Program Files\Android\Android Studio\jre\bin\java.dll
0x00007ffe391e0000 - 0x00007ffe391eb000 	C:\Program Files\Android\Android Studio\jre\bin\jimage.dll
0x00007ffe06b90000 - 0x00007ffe06ba8000 	C:\Program Files\Android\Android Studio\jre\bin\zip.dll
0x00007ffe4df30000 - 0x00007ffe4e661000 	C:\WINDOWS\System32\SHELL32.dll
0x00007ffe4a8c0000 - 0x00007ffe4b04a000 	C:\WINDOWS\SYSTEM32\windows.storage.dll
0x00007ffe4d980000 - 0x00007ffe4dcd4000 	C:\WINDOWS\System32\combase.dll
0x00007ffe4c1a0000 - 0x00007ffe4c1cb000 	C:\WINDOWS\SYSTEM32\Wldp.dll
0x00007ffe4efc0000 - 0x00007ffe4f06e000 	C:\WINDOWS\System32\SHCORE.dll
0x00007ffe4e820000 - 0x00007ffe4e875000 	C:\WINDOWS\System32\shlwapi.dll
0x00007ffe4c730000 - 0x00007ffe4c74f000 	C:\WINDOWS\SYSTEM32\profapi.dll
0x00007ffe06b70000 - 0x00007ffe06b8a000 	C:\Program Files\Android\Android Studio\jre\bin\net.dll
0x00007ffe47540000 - 0x00007ffe47642000 	C:\WINDOWS\SYSTEM32\WINHTTP.dll
0x00007ffe4bf20000 - 0x00007ffe4bf8a000 	C:\WINDOWS\system32\mswsock.dll
0x00007ffe06b50000 - 0x00007ffe06b64000 	C:\Program Files\Android\Android Studio\jre\bin\nio.dll
0x00007ffe382a0000 - 0x00007ffe382c6000 	C:\Users\Shantu Chandra Dash\.gradle\native\31\windows-amd64\native-platform.dll
0x00007ffe391d0000 - 0x00007ffe391da000 	C:\Program Files\Android\Android Studio\jre\bin\management.dll
0x00007ffe24a80000 - 0x00007ffe24a8c000 	C:\Program Files\Android\Android Studio\jre\bin\management_ext.dll
0x00007ffe4c100000 - 0x00007ffe4c118000 	C:\WINDOWS\SYSTEM32\CRYPTSP.dll
0x00007ffe4b8b0000 - 0x00007ffe4b8e4000 	C:\WINDOWS\system32\rsaenh.dll
0x00007ffe4cd80000 - 0x00007ffe4cda7000 	C:\WINDOWS\System32\bcrypt.dll
0x00007ffe4c6f0000 - 0x00007ffe4c71e000 	C:\WINDOWS\SYSTEM32\USERENV.dll
0x00007ffe4c0f0000 - 0x00007ffe4c0fc000 	C:\WINDOWS\SYSTEM32\CRYPTBASE.dll
0x00007ffe4bc10000 - 0x00007ffe4bc4b000 	C:\WINDOWS\SYSTEM32\IPHLPAPI.DLL
0x00007ffe4e8b0000 - 0x00007ffe4e8b9000 	C:\WINDOWS\System32\NSI.dll
0x00007ffe46f10000 - 0x00007ffe46f27000 	C:\WINDOWS\SYSTEM32\dhcpcsvc6.DLL
0x00007ffe46c90000 - 0x00007ffe46cad000 	C:\WINDOWS\SYSTEM32\dhcpcsvc.DLL
0x00007ffe4bc50000 - 0x00007ffe4bd1a000 	C:\WINDOWS\SYSTEM32\DNSAPI.dll

dbghelp: loaded successfully - version: 4.0.5 - missing functions: none
symbol engine: initialized successfully - sym options: 0x614 - pdb path: .;C:\Program Files\Android\Android Studio\jre\bin;C:\WINDOWS\SYSTEM32;C:\WINDOWS\WinSxS\amd64_microsoft.windows.common-controls_6595b64144ccf1df_6.0.19041.1_none_b555e41d4684ddec;C:\Program Files\Android\Android Studio\jre\bin\server;C:\Users\Shantu Chandra Dash\.gradle\native\31\windows-amd64

VM Arguments:
jvm_args: --add-opens=java.base/java.util=ALL-UNNAMED --add-opens=java.base/java.lang=ALL-UNNAMED --add-opens=java.base/java.lang.invoke=ALL-UNNAMED --add-opens=java.prefs/java.util.prefs=ALL-UNNAMED -Xmx1536m -Dfile.encoding=windows-1252 -Duser.country=US -Duser.language=en -Duser.variant 
java_command: org.gradle.launcher.daemon.bootstrap.GradleDaemon 6.1.1
java_class_path (initial): C:\Users\Shantu Chandra Dash\.gradle\wrapper\dists\gradle-6.1.1-all\cfmwm155h49vnt3hynmlrsdst\gradle-6.1.1\lib\gradle-launcher-6.1.1.jar
Launcher Type: SUN_STANDARD

[Global flags]
     intx CICompilerCount                          = 3                                         {product} {ergonomic}
     uint ConcGCThreads                            = 1                                         {product} {ergonomic}
     uint G1ConcRefinementThreads                  = 4                                         {product} {ergonomic}
   size_t G1HeapRegionSize                         = 1048576                                   {product} {ergonomic}
    uintx GCDrainStackTargetSize                   = 64                                        {product} {ergonomic}
   size_t InitialHeapSize                          = 199229440                                 {product} {ergonomic}
   size_t MarkStackSize                            = 4194304                                   {product} {ergonomic}
   size_t MaxHeapSize                              = 1610612736                                {product} {command line}
   size_t MaxNewSize                               = 965738496                                 {product} {ergonomic}
   size_t MinHeapDeltaBytes                        = 1048576                                   {product} {ergonomic}
    uintx NonNMethodCodeHeapSize                   = 5830732                                {pd product} {ergonomic}
    uintx NonProfiledCodeHeapSize                  = 122913754                              {pd product} {ergonomic}
    uintx ProfiledCodeHeapSize                     = 122913754                              {pd product} {ergonomic}
    uintx ReservedCodeCacheSize                    = 251658240                              {pd product} {ergonomic}
     bool SegmentedCodeCache                       = true                                      {product} {ergonomic}
     bool UseCompressedClassPointers               = true                                 {lp64_product} {ergonomic}
     bool UseCompressedOops                        = true                                 {lp64_product} {ergonomic}
     bool UseG1GC                                  = true                                      {product} {ergonomic}
     bool UseLargePagesIndividualAllocation        = false                                  {pd product} {ergonomic}

Logging:
Log output configuration:
 #0: stdout all=warning uptime,level,tags
 #1: stderr all=off uptime,level,tags

Environment Variables:
PATH=C:\ProgramData\Oracle\Java\javapath;C:\WINDOWS\system32;C:\WINDOWS;C:\WINDOWS\System32\Wbem;C:\WINDOWS\System32\WindowsPowerShell\v1.0\;C:\WINDOWS\System32\OpenSSH\;C:\xampp\php;C:\Program Files\dotnet\;C:\ProgramData\ComposerSetup\bin;C:\Program Files\Git\cmd;C:\Program Files\nodejs\;C:\Users\Shantu Chandra Dash\AppData\Local\Microsoft\WindowsApps;C:\Program Files\heroku\bin;C:\Program Files\Java\jdk1.8.0_161\bin;C:\Users\Shantu Chandra Dash\AppData\Roaming\Composer\vendor\bin;C:\xampp\php;C:\Users\Shantu Chandra Dash\AppData\Local\Programs\Microsoft VS Code\bin;C:\Users\Shantu Chandra Dash\AppData\Roaming\npm;C:\Program Files\nodejs;
USERNAME=Shantu Chandra Dash
OS=Windows_NT
PROCESSOR_IDENTIFIER=Intel64 Family 6 Model 60 Stepping 3, GenuineIntel



---------------  S Y S T E M  ---------------

OS: Windows 10 , 64 bit Build 19041 (10.0.19041.1)
OS uptime: 0 days 0:09 hours

CPU:total 4 (initial active 4) (4 cores per cpu, 1 threads per core) family 6 model 60 stepping 3, cmov, cx8, fxsr, mmx, sse, sse2, sse3, ssse3, sse4.1, sse4.2, popcnt, avx, avx2, aes, clmul, erms, lzcnt, tsc, tscinvbit, bmi1, bmi2, fma

Memory: 4k page, system-wide physical 12159M (4007M free)
TotalPageFile size 14463M (AvailPageFile size 5235M)
current process WorkingSet (physical memory assigned to process): 245M, peak: 245M
current process commit charge ("private bytes"): 372M, peak: 372M

vm_info: OpenJDK 64-Bit Server VM (11.0.8+10-b944.6842174) for windows-amd64 JRE (11.0.8+10-b944.6842174), built on Sep 19 2020 01:11:42 by "builder" with MS VC++ 14.0 (VS2015)

END.
